<?xml version="1.0" encoding="utf-8"?><testsuites><testsuite name="pytest" errors="0" failures="0" skipped="0" tests="12" time="55.703" timestamp="2020-12-16T15:51:18.103905" hostname="Michaels-MacBook-Pro.local"><testcase classname="tests.client.test_task" name="test_good_names" time="0.003" /><testcase classname="tests.client.test_task" name="test_bad_names" time="0.001" /><testcase classname="tests.client.test_task" name="test_equality" time="21.099" /><testcase classname="tests.client.test_task" name="test_hash_name_compatibility" time="0.075" /><testcase classname="tests.client.test_task" name="test_bash_task_equality" time="0.189" /><testcase classname="tests.client.test_task" name="test_hashing_bash_characters" time="0.063" /><testcase classname="tests.client.test_task" name="test_bash_task_bind" time="0.341" /><testcase classname="tests.client.test_task" name="test_bash_task_command_parsing" time="0.457" /><testcase classname="tests.client.test_task" name="test_python_task_command_parsing" time="0.378" /><testcase classname="tests.client.test_task" name="test_python_task_equality" time="0.105" /><testcase classname="tests.client.test_task" name="test_python_task_args" time="0.168" /><testcase classname="tests.client.test_task" name="test_task_attribute" time="31.124" /></testsuite></testsuites>